  Compiling CUDA source file Mandelbulb.cu...
  Compiling CUDA source file kernel.cu...
  
  D:\Projects\Diplom\Mandelbulb3Dv2\Mandelbulb3Dv2>"C:\Program Files\NVIDIA GPU Computing Toolkit\CUDA\v10.2\bin\nvcc.exe" -gencode=arch=compute_30,code=\"sm_30,compute_30\" --use-local-env -ccbin "C:\Program Files (x86)\Microsoft Visual Studio\2019\Professional\VC\Tools\MSVC\14.25.28610\bin\HostX86\x64" -x cu  -ID:\Libs\Cpp\freeglut\include -I"C:\Program Files\NVIDIA GPU Computing Toolkit\CUDA\v10.2\include" -I"C:\Program Files\NVIDIA GPU Computing Toolkit\CUDA\v10.2\include"  -G   --keep-dir x64\Debug -maxrregcount=0  --machine 64 --compile -cudart static  -g   -DWIN32 -DWIN64 -D_DEBUG -D_CONSOLE -D_MBCS -Xcompiler "/EHsc /W3 /nologo /Od /Fdx64\Debug\vc142.pdb /FS /Zi /RTC1 /MDd " -o x64\Debug\kernel.cu.obj "D:\Projects\Diplom\Mandelbulb3Dv2\Mandelbulb3Dv2\kernel.cu" 
  
  D:\Projects\Diplom\Mandelbulb3Dv2\Mandelbulb3Dv2>"C:\Program Files\NVIDIA GPU Computing Toolkit\CUDA\v10.2\bin\nvcc.exe" -gencode=arch=compute_30,code=\"sm_30,compute_30\" --use-local-env -ccbin "C:\Program Files (x86)\Microsoft Visual Studio\2019\Professional\VC\Tools\MSVC\14.25.28610\bin\HostX86\x64" -x cu  -ID:\Libs\Cpp\freeglut\include -I"C:\Program Files\NVIDIA GPU Computing Toolkit\CUDA\v10.2\include" -I"C:\Program Files\NVIDIA GPU Computing Toolkit\CUDA\v10.2\include"  -G   --keep-dir x64\Debug -maxrregcount=0  --machine 64 --compile -cudart static  -g   -DWIN32 -DWIN64 -D_DEBUG -D_CONSOLE -D_MBCS -Xcompiler "/EHsc /W3 /nologo /Od /Fdx64\Debug\vc142.pdb /FS /Zi /RTC1 /MDd " -o x64\Debug\Mandelbulb.cu.obj "D:\Projects\Diplom\Mandelbulb3Dv2\Mandelbulb3Dv2\Mandelbulb.cu" 
  kernel.cu
  Mandelbulb.cu
D:/Projects/Diplom/Mandelbulb3Dv2/Mandelbulb3Dv2/Mandelbulb.cu(70): warning C4477: "printf": в строке форматирования "%d" требуется аргумент типа "int", но вариативный аргумент "1" имеет тип "size_t"
  D:/Projects/Diplom/Mandelbulb3Dv2/Mandelbulb3Dv2/Mandelbulb.cu(70): note: рекомендуется использовать "%zd" в строке форматирования
D:/Projects/Diplom/Mandelbulb3Dv2/Mandelbulb3Dv2/Mandelbulb.cu(82): warning C4477: "printf": в строке форматирования "%d" требуется аргумент типа "int", но вариативный аргумент "1" имеет тип "size_t"
  D:/Projects/Diplom/Mandelbulb3Dv2/Mandelbulb3Dv2/Mandelbulb.cu(82): note: рекомендуется использовать "%zd" в строке форматирования
D:/Projects/Diplom/Mandelbulb3Dv2/Mandelbulb3Dv2/Mandelbulb.cu(82): warning C4477: "printf": в строке форматирования "%d" требуется аргумент типа "int", но вариативный аргумент "2" имеет тип "size_t"
  D:/Projects/Diplom/Mandelbulb3Dv2/Mandelbulb3Dv2/Mandelbulb.cu(82): note: рекомендуется использовать "%zd" в строке форматирования
D:/Projects/Diplom/Mandelbulb3Dv2/Mandelbulb3Dv2/Mandelbulb.cu(84): warning C4267: инициализация: преобразование из "size_t" в "int"; возможна потеря данных
D:/Projects/Diplom/Mandelbulb3Dv2/Mandelbulb3Dv2/Mandelbulb.cu(86): warning C4267: аргумент: преобразование из "size_t" в "const int"; возможна потеря данных
D:/Projects/Diplom/Mandelbulb3Dv2/Mandelbulb3Dv2/Mandelbulb.cu(111): warning C4267: инициализация: преобразование из "size_t" в "int"; возможна потеря данных
D:/Projects/Diplom/Mandelbulb3Dv2/Mandelbulb3Dv2/Mandelbulb.cu(112): warning C4267: инициализация: преобразование из "size_t" в "int"; возможна потеря данных
D:/Projects/Diplom/Mandelbulb3Dv2/Mandelbulb3Dv2/Mandelbulb.cu(113): warning C4267: инициализация: преобразование из "size_t" в "int"; возможна потеря данных
D:/Projects/Diplom/Mandelbulb3Dv2/Mandelbulb3Dv2/Mandelbulb.cu(114): warning C4267: инициализация: преобразование из "size_t" в "int"; возможна потеря данных
D:/Projects/Diplom/Mandelbulb3Dv2/Mandelbulb3Dv2/Mandelbulb.cu(115): warning C4267: инициализация: преобразование из "size_t" в "int"; возможна потеря данных
D:/Projects/Diplom/Mandelbulb3Dv2/Mandelbulb3Dv2/Mandelbulb.cu(116): warning C4267: инициализация: преобразование из "size_t" в "int"; возможна потеря данных
D:/Projects/Diplom/Mandelbulb3Dv2/Mandelbulb3Dv2/Mandelbulb.cu(117): warning C4267: инициализация: преобразование из "size_t" в "int"; возможна потеря данных
D:/Projects/Diplom/Mandelbulb3Dv2/Mandelbulb3Dv2/Mandelbulb.cu(118): warning C4267: инициализация: преобразование из "size_t" в "int"; возможна потеря данных
D:/Projects/Diplom/Mandelbulb3Dv2/Mandelbulb3Dv2/Mandelbulb.cu(129): warning C4267: инициализация: преобразование из "size_t" в "int"; возможна потеря данных
D:/Projects/Diplom/Mandelbulb3Dv2/Mandelbulb3Dv2/Mandelbulb.cu(87): warning C4996: 'cudaThreadSynchronize': объявлен deprecate
D:/Projects/Diplom/Mandelbulb3Dv2/Mandelbulb3Dv2/Mandelbulb.cu(150): warning C4267: инициализация: преобразование из "size_t" в "int"; возможна потеря данных
D:/Projects/Diplom/Mandelbulb3Dv2/Mandelbulb3Dv2/Mandelbulb.cu(151): warning C4267: инициализация: преобразование из "size_t" в "int"; возможна потеря данных
D:/Projects/Diplom/Mandelbulb3Dv2/Mandelbulb3Dv2/Mandelbulb.cu(159): warning C4267: инициализация: преобразование из "size_t" в "int"; возможна потеря данных
D:/Projects/Diplom/Mandelbulb3Dv2/Mandelbulb3Dv2/Mandelbulb.cu(171): warning C4244: аргумент: преобразование "int" в "GLfloat", возможна потеря данных
D:/Projects/Diplom/Mandelbulb3Dv2/Mandelbulb3Dv2/Mandelbulb.cu(171): warning C4244: аргумент: преобразование "int" в "GLfloat", возможна потеря данных
D:/Projects/Diplom/Mandelbulb3Dv2/Mandelbulb3Dv2/Mandelbulb.cu(171): warning C4244: аргумент: преобразование "int" в "GLfloat", возможна потеря данных
     Создается библиотека D:\Projects\Diplom\Mandelbulb3Dv2\x64\Debug\Mandelbulb3Dv2.lib и объект D:\Projects\Diplom\Mandelbulb3Dv2\x64\Debug\Mandelbulb3Dv2.exp
  Mandelbulb3Dv2.vcxproj -> D:\Projects\Diplom\Mandelbulb3Dv2\x64\Debug\Mandelbulb3Dv2.exe
