  Source.cpp
D:\Projects\Diplom\LSystem\LSystem\Source.cpp(53,48): warning C4244: аргумент: преобразование "double" в "T", возможна потеря данных
          with
          [
              T=float
          ]
D:\Projects\Diplom\LSystem\LSystem\Source.cpp(53,45): warning C4244: аргумент: преобразование "double" в "T", возможна потеря данных
          with
          [
              T=float
          ]
D:\Projects\Diplom\LSystem\LSystem\Source.cpp(56,48): warning C4244: аргумент: преобразование "double" в "T", возможна потеря данных
          with
          [
              T=float
          ]
D:\Projects\Diplom\LSystem\LSystem\Source.cpp(56,45): warning C4244: аргумент: преобразование "double" в "T", возможна потеря данных
          with
          [
              T=float
          ]
D:\Projects\Diplom\LSystem\LSystem\Source.cpp(78,43): warning C4244: -=: преобразование "double" в "T", возможна потеря данных
          with
          [
              T=float
          ]
D:\Projects\Diplom\LSystem\LSystem\Source.cpp(79,31): warning C4244: *=: преобразование "double" в "T", возможна потеря данных
          with
          [
              T=float
          ]
D:\Projects\Diplom\LSystem\LSystem\Source.cpp(81,43): warning C4244: -=: преобразование "double" в "T", возможна потеря данных
          with
          [
              T=float
          ]
D:\Projects\Diplom\LSystem\LSystem\Source.cpp(82,31): warning C4244: *=: преобразование "double" в "T", возможна потеря данных
          with
          [
              T=float
          ]
  Создание кода
  2 of 349 functions ( 0.6%) were compiled, the rest were copied from previous compilation.
    0 functions were new in current compilation
    0 functions had inline decision re-evaluated but remain unchanged
  Создание кода завершено
  LSystem.vcxproj -> D:\Projects\Diplom\LSystem\x64\Release\LSystem.exe
